Determining if the pthread_create exist failed with the following output:
Change Dir: /exports/csce/datastore/geos/groups/eddie_geos_eps_eip/geos_eps_eip_backedup/Xin/CGAL-4.9/CMakeFiles/CMakeTmp

Run Build Command:"/usr/bin/gmake" "cmTC_f3454/fast"
/usr/bin/gmake -f CMakeFiles/cmTC_f3454.dir/build.make CMakeFiles/cmTC_f3454.dir/build
gmake[1]: Entering directory `/exports/csce/datastore/geos/groups/eddie_geos_eps_eip/geos_eps_eip_backedup/Xin/CGAL-4.9/CMakeFiles/CMakeTmp'
Building C object CMakeFiles/cmTC_f3454.dir/CheckSymbolExists.c.o
/exports/applications/apps/SL7/intel/parallel_studio_xe_2015_update5/composer_xe_2015.5.223/bin/intel64/icc     -o CMakeFiles/cmTC_f3454.dir/CheckSymbolExists.c.o   -c /exports/csce/datastore/geos/groups/eddie_geos_eps_eip/geos_eps_eip_backedup/Xin/CGAL-4.9/CMakeFiles/CMakeTmp/CheckSymbolExists.c
Linking C executable cmTC_f3454
/exports/eddie3_apps_local/apps/SL7/cmake/3.5.2/bin/cmake -E cmake_link_script CMakeFiles/cmTC_f3454.dir/link.txt --verbose=1
/exports/applications/apps/SL7/intel/parallel_studio_xe_2015_update5/composer_xe_2015.5.223/bin/intel64/icc      -L/exports/igmm/software/pkg/el7/libs/boost/1.59.0/lib  CMakeFiles/cmTC_f3454.dir/CheckSymbolExists.c.o  -o cmTC_f3454 -rdynamic 
CMakeFiles/cmTC_f3454.dir/CheckSymbolExists.c.o: In function `main':
CheckSymbolExists.c:(.text+0x23): undefined reference to `pthread_create'
gmake[1]: *** [cmTC_f3454] Error 1
gmake[1]: Leaving directory `/exports/csce/datastore/geos/groups/eddie_geos_eps_eip/geos_eps_eip_backedup/Xin/CGAL-4.9/CMakeFiles/CMakeTmp'
gmake: *** [cmTC_f3454/fast] Error 2

File /exports/csce/datastore/geos/groups/eddie_geos_eps_eip/geos_eps_eip_backedup/Xin/CGAL-4.9/CMakeFiles/CMakeTmp/CheckSymbolExists.c:
/* */
#include <pthread.h>

int main(int argc, char** argv)
{
  (void)argv;
#ifndef pthread_create
  return ((int*)(&pthread_create))[argc];
#else
  (void)argc;
  return 0;
#endif
}

Determining if the function pthread_create exists in the pthreads failed with the following output:
Change Dir: /exports/csce/datastore/geos/groups/eddie_geos_eps_eip/geos_eps_eip_backedup/Xin/CGAL-4.9/CMakeFiles/CMakeTmp

Run Build Command:"/usr/bin/gmake" "cmTC_2a67d/fast"
/usr/bin/gmake -f CMakeFiles/cmTC_2a67d.dir/build.make CMakeFiles/cmTC_2a67d.dir/build
gmake[1]: Entering directory `/exports/csce/datastore/geos/groups/eddie_geos_eps_eip/geos_eps_eip_backedup/Xin/CGAL-4.9/CMakeFiles/CMakeTmp'
Building C object CMakeFiles/cmTC_2a67d.dir/CheckFunctionExists.c.o
/exports/applications/apps/SL7/intel/parallel_studio_xe_2015_update5/composer_xe_2015.5.223/bin/intel64/icc    -DCHECK_FUNCTION_EXISTS=pthread_create   -o CMakeFiles/cmTC_2a67d.dir/CheckFunctionExists.c.o   -c /exports/eddie3_apps_local/apps/SL7/cmake/3.5.2/share/cmake-3.5/Modules/CheckFunctionExists.c
Linking C executable cmTC_2a67d
/exports/eddie3_apps_local/apps/SL7/cmake/3.5.2/bin/cmake -E cmake_link_script CMakeFiles/cmTC_2a67d.dir/link.txt --verbose=1
/exports/applications/apps/SL7/intel/parallel_studio_xe_2015_update5/composer_xe_2015.5.223/bin/intel64/icc   -DCHECK_FUNCTION_EXISTS=pthread_create   -L/exports/igmm/software/pkg/el7/libs/boost/1.59.0/lib  CMakeFiles/cmTC_2a67d.dir/CheckFunctionExists.c.o  -o cmTC_2a67d -rdynamic -lpthreads 
ld: cannot find -lpthreads
gmake[1]: *** [cmTC_2a67d] Error 1
gmake[1]: Leaving directory `/exports/csce/datastore/geos/groups/eddie_geos_eps_eip/geos_eps_eip_backedup/Xin/CGAL-4.9/CMakeFiles/CMakeTmp'
gmake: *** [cmTC_2a67d/fast] Error 2


Performing C++ SOURCE FILE Test CGAL_CFG_IEEE_754_BUG failed with the following output:
Change Dir: /exports/csce/datastore/geos/groups/eddie_geos_eps_eip/geos_eps_eip_backedup/Xin/CGAL-4.9/CMakeFiles/CMakeTmp

Run Build Command:"/usr/bin/gmake" "cmTC_92c6d/fast"
/usr/bin/gmake -f CMakeFiles/cmTC_92c6d.dir/build.make CMakeFiles/cmTC_92c6d.dir/build
gmake[1]: Entering directory `/exports/csce/datastore/geos/groups/eddie_geos_eps_eip/geos_eps_eip_backedup/Xin/CGAL-4.9/CMakeFiles/CMakeTmp'
Building CXX object CMakeFiles/cmTC_92c6d.dir/CGAL_CFG_IEEE_754_BUG.cpp.o
/exports/applications/apps/SL7/intel/parallel_studio_xe_2015_update5/composer_xe_2015.5.223/bin/intel64/icc      -o CMakeFiles/cmTC_92c6d.dir/CGAL_CFG_IEEE_754_BUG.cpp.o -c /exports/csce/datastore/geos/groups/eddie_geos_eps_eip/geos_eps_eip_backedup/Xin/CGAL-4.9/config/testfiles/CGAL_CFG_IEEE_754_BUG.cpp
Linking CXX executable cmTC_92c6d
/exports/eddie3_apps_local/apps/SL7/cmake/3.5.2/bin/cmake -E cmake_link_script CMakeFiles/cmTC_92c6d.dir/link.txt --verbose=1
/exports/applications/apps/SL7/intel/parallel_studio_xe_2015_update5/composer_xe_2015.5.223/bin/intel64/icc       -L/exports/igmm/software/pkg/el7/libs/boost/1.59.0/lib  CMakeFiles/cmTC_92c6d.dir/CGAL_CFG_IEEE_754_BUG.cpp.o  -o cmTC_92c6d -rdynamic 
gmake[1]: Leaving directory `/exports/csce/datastore/geos/groups/eddie_geos_eps_eip/geos_eps_eip_backedup/Xin/CGAL-4.9/CMakeFiles/CMakeTmp'

Return value: 255
Source file was:

Performing C++ SOURCE FILE Test CGAL_CFG_NO_STL failed with the following output:
Change Dir: /exports/csce/datastore/geos/groups/eddie_geos_eps_eip/geos_eps_eip_backedup/Xin/CGAL-4.9/CMakeFiles/CMakeTmp

Run Build Command:"/usr/bin/gmake" "cmTC_61307/fast"
/usr/bin/gmake -f CMakeFiles/cmTC_61307.dir/build.make CMakeFiles/cmTC_61307.dir/build
gmake[1]: Entering directory `/exports/csce/datastore/geos/groups/eddie_geos_eps_eip/geos_eps_eip_backedup/Xin/CGAL-4.9/CMakeFiles/CMakeTmp'
Building CXX object CMakeFiles/cmTC_61307.dir/CGAL_CFG_NO_STL.cpp.o
/exports/applications/apps/SL7/intel/parallel_studio_xe_2015_update5/composer_xe_2015.5.223/bin/intel64/icc      -o CMakeFiles/cmTC_61307.dir/CGAL_CFG_NO_STL.cpp.o -c /exports/csce/datastore/geos/groups/eddie_geos_eps_eip/geos_eps_eip_backedup/Xin/CGAL-4.9/config/testfiles/CGAL_CFG_NO_STL.cpp
Linking CXX executable cmTC_61307
/exports/eddie3_apps_local/apps/SL7/cmake/3.5.2/bin/cmake -E cmake_link_script CMakeFiles/cmTC_61307.dir/link.txt --verbose=1
/exports/applications/apps/SL7/intel/parallel_studio_xe_2015_update5/composer_xe_2015.5.223/bin/intel64/icc       -L/exports/igmm/software/pkg/el7/libs/boost/1.59.0/lib  CMakeFiles/cmTC_61307.dir/CGAL_CFG_NO_STL.cpp.o  -o cmTC_61307 -rdynamic 
gmake[1]: Leaving directory `/exports/csce/datastore/geos/groups/eddie_geos_eps_eip/geos_eps_eip_backedup/Xin/CGAL-4.9/CMakeFiles/CMakeTmp'
/exports/csce/datastore/geos/groups/eddie_geos_eps_eip/geos_eps_eip_backedup/Xin/CGAL-4.9/CMakeFiles/CMakeTmp/cmTC_61307: /exports/applications/apps/SL7/intel/parallel_studio_xe_2015_update5/inspector_xe/lib64/libstdc++.so.6: version `GLIBCXX_3.4.15' not found (required by /exports/csce/datastore/geos/groups/eddie_geos_eps_eip/geos_eps_eip_backedup/Xin/CGAL-4.9/CMakeFiles/CMakeTmp/cmTC_61307)

Return value: 1
Source file was:

Performing C++ SOURCE FILE Test CGAL_CFG_IEEE_754_BUG failed with the following output:
Change Dir: /exports/csce/datastore/geos/groups/eddie_geos_eps_eip/geos_eps_eip_backedup/Xin/CGAL-4.9/CMakeFiles/CMakeTmp

Run Build Command:"/usr/bin/gmake" "cmTC_655ff/fast"
gmake[1]: Entering directory `/exports/csce/datastore/geos/groups/eddie_geos_eps_eip/geos_eps_eip_backedup/Xin/CGAL-4.9/CMakeFiles/CMakeTmp'
/usr/bin/gmake -f CMakeFiles/cmTC_655ff.dir/build.make CMakeFiles/cmTC_655ff.dir/build
gmake[2]: Entering directory `/exports/csce/datastore/geos/groups/eddie_geos_eps_eip/geos_eps_eip_backedup/Xin/CGAL-4.9/CMakeFiles/CMakeTmp'
Building CXX object CMakeFiles/cmTC_655ff.dir/CGAL_CFG_IEEE_754_BUG.cpp.o
/exports/applications/apps/SL7/intel/parallel_studio_xe_2015_update5/composer_xe_2015.5.223/bin/intel64/icc      -o CMakeFiles/cmTC_655ff.dir/CGAL_CFG_IEEE_754_BUG.cpp.o -c /exports/csce/datastore/geos/groups/eddie_geos_eps_eip/geos_eps_eip_backedup/Xin/CGAL-4.9/config/testfiles/CGAL_CFG_IEEE_754_BUG.cpp
Linking CXX executable cmTC_655ff
/exports/eddie3_apps_local/apps/SL7/cmake/3.5.2/bin/cmake -E cmake_link_script CMakeFiles/cmTC_655ff.dir/link.txt --verbose=1
/exports/applications/apps/SL7/intel/parallel_studio_xe_2015_update5/composer_xe_2015.5.223/bin/intel64/icc       -L/exports/igmm/software/pkg/el7/libs/boost/1.59.0/lib  CMakeFiles/cmTC_655ff.dir/CGAL_CFG_IEEE_754_BUG.cpp.o  -o cmTC_655ff -rdynamic 
gmake[2]: Leaving directory `/exports/csce/datastore/geos/groups/eddie_geos_eps_eip/geos_eps_eip_backedup/Xin/CGAL-4.9/CMakeFiles/CMakeTmp'
gmake[1]: Leaving directory `/exports/csce/datastore/geos/groups/eddie_geos_eps_eip/geos_eps_eip_backedup/Xin/CGAL-4.9/CMakeFiles/CMakeTmp'

Return value: 255
Source file was:

Performing C++ SOURCE FILE Test CGAL_CFG_NO_STL failed with the following output:
Change Dir: /exports/csce/datastore/geos/groups/eddie_geos_eps_eip/geos_eps_eip_backedup/Xin/CGAL-4.9/CMakeFiles/CMakeTmp

Run Build Command:"/usr/bin/gmake" "cmTC_069b0/fast"
gmake[1]: Entering directory `/exports/csce/datastore/geos/groups/eddie_geos_eps_eip/geos_eps_eip_backedup/Xin/CGAL-4.9/CMakeFiles/CMakeTmp'
/usr/bin/gmake -f CMakeFiles/cmTC_069b0.dir/build.make CMakeFiles/cmTC_069b0.dir/build
gmake[2]: Entering directory `/exports/csce/datastore/geos/groups/eddie_geos_eps_eip/geos_eps_eip_backedup/Xin/CGAL-4.9/CMakeFiles/CMakeTmp'
Building CXX object CMakeFiles/cmTC_069b0.dir/CGAL_CFG_NO_STL.cpp.o
/exports/applications/apps/SL7/intel/parallel_studio_xe_2015_update5/composer_xe_2015.5.223/bin/intel64/icc      -o CMakeFiles/cmTC_069b0.dir/CGAL_CFG_NO_STL.cpp.o -c /exports/csce/datastore/geos/groups/eddie_geos_eps_eip/geos_eps_eip_backedup/Xin/CGAL-4.9/config/testfiles/CGAL_CFG_NO_STL.cpp
Linking CXX executable cmTC_069b0
/exports/eddie3_apps_local/apps/SL7/cmake/3.5.2/bin/cmake -E cmake_link_script CMakeFiles/cmTC_069b0.dir/link.txt --verbose=1
/exports/applications/apps/SL7/intel/parallel_studio_xe_2015_update5/composer_xe_2015.5.223/bin/intel64/icc       -L/exports/igmm/software/pkg/el7/libs/boost/1.59.0/lib  CMakeFiles/cmTC_069b0.dir/CGAL_CFG_NO_STL.cpp.o  -o cmTC_069b0 -rdynamic 
gmake[2]: Leaving directory `/exports/csce/datastore/geos/groups/eddie_geos_eps_eip/geos_eps_eip_backedup/Xin/CGAL-4.9/CMakeFiles/CMakeTmp'
gmake[1]: Leaving directory `/exports/csce/datastore/geos/groups/eddie_geos_eps_eip/geos_eps_eip_backedup/Xin/CGAL-4.9/CMakeFiles/CMakeTmp'
/exports/csce/datastore/geos/groups/eddie_geos_eps_eip/geos_eps_eip_backedup/Xin/CGAL-4.9/CMakeFiles/CMakeTmp/cmTC_069b0: /exports/applications/apps/SL7/intel/parallel_studio_xe_2015_update5/inspector_xe/lib64/libstdc++.so.6: version `GLIBCXX_3.4.15' not found (required by /exports/csce/datastore/geos/groups/eddie_geos_eps_eip/geos_eps_eip_backedup/Xin/CGAL-4.9/CMakeFiles/CMakeTmp/cmTC_069b0)

Return value: 1
Source file was:

