Start MCTomo at 20190801 154204.461...
Reading input file...
Reading sources, receivers and travel times...
Ranseed= 3
Generating an initial model...
Generating...
Generating an initial model takes: 0.0570
Start rjmcmc sampling...
Initial number of cells: 68
Initial -loglikelihood: 94.3898
Initial misfits: 126.1212
Initial unweighted misfits: 43.0943

Processor number: 3
Sample: 100/500000
Number of cells: 73
-loglikelihood: 57.4283
Weighted misfit: 74.2255
Unweighted misfit: 18.1745

Accpetance rate for velocity
ARV 0.8980
Accpetance rate for position
ARP 0.8571
Accpetance rate for deep velocity
ARV NaN
Accpetance rate for deep position
ARP NaN
Accpetance rate for birth
ARB 0.8095
Accpetance rate for death
ARD 0.8000
Accpetance rate for sigma change of body waves
ARS 1.0000
Likelihood calculation count
Number of likelihood for slice sampling 97
Rate of bad models
Bad dispersion curves 0.0000
Bad rays 0.0000
---------------------------------------------------------

Processor number: 3
Sample: 200/500000
Number of cells: 78
-loglikelihood: 45.3040
Weighted misfit: 58.6781
Unweighted misfit: 14.3300

Accpetance rate for velocity
ARV 0.9286
Accpetance rate for position
ARP 0.7879
Accpetance rate for deep velocity
ARV NaN
Accpetance rate for deep position
ARP NaN
Accpetance rate for birth
ARB 0.8158
Accpetance rate for death
ARD 0.7241
Accpetance rate for sigma change of body waves
ARS 1.0000
Likelihood calculation count
Number of likelihood for slice sampling 193
Rate of bad models
Bad dispersion curves 0.0000
Bad rays 0.0000
---------------------------------------------------------

Processor number: 3
Sample: 300/500000
Number of cells: 77
-loglikelihood: 36.8543
Weighted misfit: 46.9629
Unweighted misfit: 11.4594

Accpetance rate for velocity
ARV 0.9252
Accpetance rate for position
ARP 0.7818
Accpetance rate for deep velocity
ARV NaN
Accpetance rate for deep position
ARP NaN
Accpetance rate for birth
ARB 0.8431
Accpetance rate for death
ARD 0.7727
Accpetance rate for sigma change of body waves
ARS 1.0000
Likelihood calculation count
Number of likelihood for slice sampling 291
Rate of bad models
Bad dispersion curves 0.0000
Bad rays 0.0000
---------------------------------------------------------

Processor number: 3
Sample: 400/500000
Number of cells: 80
-loglikelihood: 31.8163
Weighted misfit: 41.0232
Unweighted misfit: 11.2986

Accpetance rate for velocity
ARV 0.9184
Accpetance rate for position
ARP 0.8116
Accpetance rate for deep velocity
ARV NaN
Accpetance rate for deep position
ARP NaN
Accpetance rate for birth
ARB 0.8194
Accpetance rate for death
ARD 0.7966
Accpetance rate for sigma change of body waves
ARS 0.7500
Likelihood calculation count
Number of likelihood for slice sampling 385
Rate of bad models
Bad dispersion curves 0.0000
Bad rays 0.0000
---------------------------------------------------------

Processor number: 3
Sample: 500/500000
Number of cells: 85
-loglikelihood: 28.9928
Weighted misfit: 30.9803
Unweighted misfit: 8.3834

Accpetance rate for velocity
ARV 0.9180
Accpetance rate for position
ARP 0.7927
Accpetance rate for deep velocity
ARV NaN
Accpetance rate for deep position
ARP NaN
Accpetance rate for birth
ARB 0.7957
Accpetance rate for death
ARD 0.7600
Accpetance rate for sigma change of body waves
ARS 0.8333
Likelihood calculation count
Number of likelihood for slice sampling 480
Rate of bad models
Bad dispersion curves 0.0000
Bad rays 0.0000
---------------------------------------------------------

Processor number: 3
Sample: 600/500000
Number of cells: 84
-loglikelihood: 28.0794
Weighted misfit: 31.4030
Unweighted misfit: 7.7516

Accpetance rate for velocity
ARV 0.9249
Accpetance rate for position
ARP 0.7822
Accpetance rate for deep velocity
ARV NaN
Accpetance rate for deep position
ARP NaN
Accpetance rate for birth
ARB 0.8056
Accpetance rate for death
ARD 0.7802
Accpetance rate for sigma change of body waves
ARS 0.8571
Likelihood calculation count
Number of likelihood for slice sampling 577
Rate of bad models
Bad dispersion curves 0.0000
Bad rays 0.0000
---------------------------------------------------------

Processor number: 3
Sample: 700/500000
Number of cells: 71
-loglikelihood: 29.7313
Weighted misfit: 31.4445
Unweighted misfit: 6.4788

Accpetance rate for velocity
ARV 0.9296
Accpetance rate for position
ARP 0.7913
Accpetance rate for deep velocity
ARV NaN
Accpetance rate for deep position
ARP NaN
Accpetance rate for birth
ARB 0.8000
Accpetance rate for death
ARD 0.8087
Accpetance rate for sigma change of body waves
ARS 0.8889
Likelihood calculation count
Number of likelihood for slice sampling 672
Rate of bad models
Bad dispersion curves 0.0000
Bad rays 0.0000
---------------------------------------------------------

Processor number: 3
Sample: 800/500000
Number of cells: 74
-loglikelihood: 26.5614
Weighted misfit: 43.6567
Unweighted misfit: 7.2687

Accpetance rate for velocity
ARV 0.9330
Accpetance rate for position
ARP 0.7970
Accpetance rate for deep velocity
ARV NaN
Accpetance rate for deep position
ARP NaN
Accpetance rate for birth
ARB 0.8015
Accpetance rate for death
ARD 0.7863
Accpetance rate for sigma change of body waves
ARS 0.8333
Likelihood calculation count
Number of likelihood for slice sampling 768
Rate of bad models
Bad dispersion curves 0.0000
Bad rays 0.0000
---------------------------------------------------------

Processor number: 3
Sample: 900/500000
Number of cells: 74
-loglikelihood: 22.7687
Weighted misfit: 44.5798
Unweighted misfit: 6.4126

Accpetance rate for velocity
ARV 0.9220
Accpetance rate for position
ARP 0.7973
Accpetance rate for deep velocity
ARV NaN
Accpetance rate for deep position
ARP NaN
Accpetance rate for birth
ARB 0.8039
Accpetance rate for death
ARD 0.7852
Accpetance rate for sigma change of body waves
ARS 0.8571
Likelihood calculation count
Number of likelihood for slice sampling 861
Rate of bad models
Bad dispersion curves 0.0000
Bad rays 0.0000
---------------------------------------------------------

Processor number: 3
Sample: 1000/500000
Number of cells: 81
-loglikelihood: 22.1366
Weighted misfit: 35.8352
Unweighted misfit: 6.0275

Accpetance rate for velocity
ARV 0.9198
Accpetance rate for position
ARP 0.7892
Accpetance rate for deep velocity
ARV NaN
Accpetance rate for deep position
ARP NaN
Accpetance rate for birth
ARB 0.8081
Accpetance rate for death
ARD 0.7778
Accpetance rate for sigma change of body waves
ARS 0.8571
Likelihood calculation count
Number of likelihood for slice sampling 957
Rate of bad models
Bad dispersion curves 0.0000
Bad rays 0.0000
---------------------------------------------------------

Processor number: 3
Sample: 1100/500000
Number of cells: 80
-loglikelihood: 20.4360
Weighted misfit: 33.6882
Unweighted misfit: 6.1464

Accpetance rate for velocity
ARV 0.9195
Accpetance rate for position
ARP 0.7966
Accpetance rate for deep velocity
ARV NaN
Accpetance rate for deep position
ARP NaN
Accpetance rate for birth
ARB 0.7989
Accpetance rate for death
ARD 0.7554
Accpetance rate for sigma change of body waves
ARS 0.8750
Likelihood calculation count
Number of likelihood for slice sampling 1052
Rate of bad models
Bad dispersion curves 0.0000
Bad rays 0.0000
---------------------------------------------------------
