Start MCTomo at 20190801 154204.460...
Reading input file...
Reading sources, receivers and travel times...
Ranseed= 2
Generating an initial model...
Generating...
Generating an initial model takes: 0.0593
Start rjmcmc sampling...
Initial number of cells: 61
Initial -loglikelihood: 154.4142
Initial misfits: 368.5648
Initial unweighted misfits: 47.4419

Processor number: 2
Sample: 100/500000
Number of cells: 68
-loglikelihood: 46.9181
Weighted misfit: 138.5836
Unweighted misfit: 20.3028

Accpetance rate for velocity
ARV 0.8667
Accpetance rate for position
ARP 0.8824
Accpetance rate for deep velocity
ARV NaN
Accpetance rate for deep position
ARP NaN
Accpetance rate for birth
ARB 0.8421
Accpetance rate for death
ARD 0.6429
Accpetance rate for sigma change of body waves
ARS 0.4000
Likelihood calculation count
Number of likelihood for slice sampling 95
Rate of bad models
Bad dispersion curves 0.0000
Bad rays 0.0000
---------------------------------------------------------

Processor number: 2
Sample: 200/500000
Number of cells: 64
-loglikelihood: 30.1901
Weighted misfit: 102.2798
Unweighted misfit: 15.6171

Accpetance rate for velocity
ARV 0.8387
Accpetance rate for position
ARP 0.8182
Accpetance rate for deep velocity
ARV NaN
Accpetance rate for deep position
ARP NaN
Accpetance rate for birth
ARB 0.6944
Accpetance rate for death
ARD 0.7097
Accpetance rate for sigma change of body waves
ARS 0.4286
Likelihood calculation count
Number of likelihood for slice sampling 189
Rate of bad models
Bad dispersion curves 0.0000
Bad rays 0.0000
---------------------------------------------------------

Processor number: 2
Sample: 300/500000
Number of cells: 63
-loglikelihood: 18.9680
Weighted misfit: 76.0431
Unweighted misfit: 11.5216

Accpetance rate for velocity
ARV 0.8440
Accpetance rate for position
ARP 0.8200
Accpetance rate for deep velocity
ARV NaN
Accpetance rate for deep position
ARP NaN
Accpetance rate for birth
ARB 0.6545
Accpetance rate for death
ARD 0.7556
Accpetance rate for sigma change of body waves
ARS 0.5556
Likelihood calculation count
Number of likelihood for slice sampling 285
Rate of bad models
Bad dispersion curves 0.0000
Bad rays 0.0000
---------------------------------------------------------

Processor number: 2
Sample: 400/500000
Number of cells: 60
-loglikelihood: 2.8220
Weighted misfit: 54.7334
Unweighted misfit: 7.1336

Accpetance rate for velocity
ARV 0.8632
Accpetance rate for position
ARP 0.8088
Accpetance rate for deep velocity
ARV NaN
Accpetance rate for deep position
ARP NaN
Accpetance rate for birth
ARB 0.6812
Accpetance rate for death
ARD 0.7619
Accpetance rate for sigma change of body waves
ARS 0.6000
Likelihood calculation count
Number of likelihood for slice sampling 384
Rate of bad models
Bad dispersion curves 0.0000
Bad rays 0.0000
---------------------------------------------------------

Processor number: 2
Sample: 500/500000
Number of cells: 57
-loglikelihood: -3.0396
Weighted misfit: 43.9415
Unweighted misfit: 5.7910

Accpetance rate for velocity
ARV 0.8608
Accpetance rate for position
ARP 0.8068
Accpetance rate for deep velocity
ARV NaN
Accpetance rate for deep position
ARP NaN
Accpetance rate for birth
ARB 0.7073
Accpetance rate for death
ARD 0.7750
Accpetance rate for sigma change of body waves
ARS 0.6154
Likelihood calculation count
Number of likelihood for slice sampling 477
Rate of bad models
Bad dispersion curves 0.0000
Bad rays 0.0000
---------------------------------------------------------

Processor number: 2
Sample: 600/500000
Number of cells: 59
-loglikelihood: -11.0304
Weighted misfit: 40.7534
Unweighted misfit: 5.4613

Accpetance rate for velocity
ARV 0.8697
Accpetance rate for position
ARP 0.7982
Accpetance rate for deep velocity
ARV NaN
Accpetance rate for deep position
ARP NaN
Accpetance rate for birth
ARB 0.7263
Accpetance rate for death
ARD 0.7396
Accpetance rate for sigma change of body waves
ARS 0.6250
Likelihood calculation count
Number of likelihood for slice sampling 572
Rate of bad models
Bad dispersion curves 0.0000
Bad rays 0.0000
---------------------------------------------------------

Processor number: 2
Sample: 700/500000
Number of cells: 59
-loglikelihood: -10.6184
Weighted misfit: 43.5367
Unweighted misfit: 4.7160

Accpetance rate for velocity
ARV 0.8799
Accpetance rate for position
ARP 0.8115
Accpetance rate for deep velocity
ARV NaN
Accpetance rate for deep position
ARP NaN
Accpetance rate for birth
ARB 0.7193
Accpetance rate for death
ARD 0.7368
Accpetance rate for sigma change of body waves
ARS 0.6471
Likelihood calculation count
Number of likelihood for slice sampling 669
Rate of bad models
Bad dispersion curves 0.0000
Bad rays 0.0000
---------------------------------------------------------

Processor number: 2
Sample: 800/500000
Number of cells: 58
-loglikelihood: -12.3318
Weighted misfit: 39.3363
Unweighted misfit: 4.3313

Accpetance rate for velocity
ARV 0.8871
Accpetance rate for position
ARP 0.8129
Accpetance rate for deep velocity
ARV NaN
Accpetance rate for deep position
ARP NaN
Accpetance rate for birth
ARB 0.7402
Accpetance rate for death
ARD 0.7239
Accpetance rate for sigma change of body waves
ARS 0.6316
Likelihood calculation count
Number of likelihood for slice sampling 764
Rate of bad models
Bad dispersion curves 0.0000
Bad rays 0.0000
---------------------------------------------------------

Processor number: 2
Sample: 900/500000
Number of cells: 60
-loglikelihood: -18.5766
Weighted misfit: 43.2895
Unweighted misfit: 4.0682

Accpetance rate for velocity
ARV 0.8902
Accpetance rate for position
ARP 0.8117
Accpetance rate for deep velocity
ARV NaN
Accpetance rate for deep position
ARP NaN
Accpetance rate for birth
ARB 0.7379
Accpetance rate for death
ARD 0.7152
Accpetance rate for sigma change of body waves
ARS 0.6818
Likelihood calculation count
Number of likelihood for slice sampling 860
Rate of bad models
Bad dispersion curves 0.0000
Bad rays 0.0000
---------------------------------------------------------

Processor number: 2
Sample: 1000/500000
Number of cells: 56
-loglikelihood: -19.5707
Weighted misfit: 43.3096
Unweighted misfit: 4.1301

Accpetance rate for velocity
ARV 0.8910
Accpetance rate for position
ARP 0.8047
Accpetance rate for deep velocity
ARV NaN
Accpetance rate for deep position
ARP NaN
Accpetance rate for birth
ARB 0.7375
Accpetance rate for death
ARD 0.7193
Accpetance rate for sigma change of body waves
ARS 0.6522
Likelihood calculation count
Number of likelihood for slice sampling 957
Rate of bad models
Bad dispersion curves 0.0000
Bad rays 0.0000
---------------------------------------------------------

Processor number: 2
Sample: 1100/500000
Number of cells: 61
-loglikelihood: -17.1846
Weighted misfit: 49.2573
Unweighted misfit: 4.6797

Accpetance rate for velocity
ARV 0.8954
Accpetance rate for position
ARP 0.8115
Accpetance rate for deep velocity
ARV NaN
Accpetance rate for deep position
ARP NaN
Accpetance rate for birth
ARB 0.7500
Accpetance rate for death
ARD 0.7213
Accpetance rate for sigma change of body waves
ARS 0.6667
Likelihood calculation count
Number of likelihood for slice sampling 1054
Rate of bad models
Bad dispersion curves 0.0000
Bad rays 0.0000
---------------------------------------------------------
